<?xml version="1.0" encoding="UTF-8"?>
<!-- Generated by org.testng.reporters.JUnitXMLReporter -->
<testsuite hostname="DESKTOP-4J4JR0Q" ignored="0" name="Default test" tests="2" failures="0" timestamp="2020-03-05T11:11:27 BDT" time="15.218" errors="0">
  <testcase name="checkLoginPageTitle" time="9.304" classname="com.tigerit.TestProjectByTreena.Test.LoginTest"/>
  <testcase name="loginTest" time="5.301" classname="com.tigerit.TestProjectByTreena.Test.LoginTest"/>
</testsuite> <!-- Default test -->
