<?xml version="1.0" encoding="UTF-8"?>
<!-- Generated by org.testng.reporters.JUnitXMLReporter -->
<testsuite hostname="DESKTOP-4J4JR0Q" ignored="0" name="Login Test" tests="4" failures="0" timestamp="2020-03-05T11:10:07 BDT" time="16.667" errors="0">
  <testcase name="checkLoginPageTitle" time="7.819" classname="com.tigerit.TestProjectByTreena.Test.LoginTest"/>
  <testcase name="loginTest" time="5.302" classname="com.tigerit.TestProjectByTreena.Test.LoginTest"/>
  <testcase name="checkTitle" time="2.673" classname="com.tigerit.TestProjectByTreena.Test.FlightFinderTest"/>
  <testcase name="FlightFindingTest" time="0.253" classname="com.tigerit.TestProjectByTreena.Test.FlightFinderTest"/>
</testsuite> <!-- Login Test -->
