<?xml version="1.0" encoding="UTF-8"?>
<testng-results skipped="0" failed="1" ignored="0" total="4" passed="3">
  <reporter-output>
  </reporter-output>
  <suite name="AutomationTest" duration-ms="14670" started-at="2020-03-06T23:33:18 BDT" finished-at="2020-03-06T23:33:32 BDT">
    <groups>
    </groups>
    <test name="Login Test" duration-ms="14670" started-at="2020-03-06T23:33:18 BDT" finished-at="2020-03-06T23:33:32 BDT">
      <class name="com.tigerit.TestProjectByTreena.Test.LoginTest">
        <test-method status="PASS" signature="checkLoginPageTitle()[pri:1, instance:com.tigerit.TestProjectByTreena.Test.LoginTest@2758fe70]" name="checkLoginPageTitle" duration-ms="7980" started-at="2020-03-06T23:33:18 BDT" finished-at="2020-03-06T23:33:26 BDT">
          <reporter-output>
          </reporter-output>
        </test-method> <!-- checkLoginPageTitle -->
        <test-method status="PASS" signature="logintest(java.util.List)[pri:2, instance:com.tigerit.TestProjectByTreena.Test.LoginTest@2758fe70]" name="logintest" duration-ms="5303" started-at="2020-03-06T23:33:27 BDT" data-provider="loginData" finished-at="2020-03-06T23:33:32 BDT">
          <params>
            <param index="0">
              <value>
                <![CDATA[[LoginDTO [username=tutorial, password=tutorial]]]]>
              </value>
            </param>
          </params>
          <reporter-output>
          </reporter-output>
        </test-method> <!-- logintest -->
      </class> <!-- com.tigerit.TestProjectByTreena.Test.LoginTest -->
      <class name="com.tigerit.TestProjectByTreena.Test.FlightFinderTest">
        <test-method status="PASS" signature="checkTitle()[pri:1, instance:com.tigerit.TestProjectByTreena.Test.FlightFinderTest@1f36e637]" name="checkTitle" duration-ms="258" started-at="2020-03-06T23:33:32 BDT" finished-at="2020-03-06T23:33:32 BDT">
          <reporter-output>
          </reporter-output>
        </test-method> <!-- checkTitle -->
        <test-method status="FAIL" signature="FlightFindingTest(java.util.List)[pri:2, instance:com.tigerit.TestProjectByTreena.Test.FlightFinderTest@1f36e637]" name="FlightFindingTest" duration-ms="247" started-at="2020-03-06T23:33:32 BDT" data-provider="flightFinderData" finished-at="2020-03-06T23:33:32 BDT">
          <params>
            <param index="0">
              <value>
                <![CDATA[[FlightFinderDTO [passenger=2, depart=null], FlightFinderDTO [passenger=London, depart=null]]]]>
              </value>
            </param>
          </params>
          <exception class="java.lang.IllegalArgumentException">
            <message>
              <![CDATA[Keys to send should be a not null CharSequence]]>
            </message>
            <full-stacktrace>
              <![CDATA[java.lang.IllegalArgumentException: Keys to send should be a not null CharSequence
at org.openqa.selenium.remote.RemoteWebElement.sendKeys(RemoteWebElement.java:97)
at com.tigerit.TestProjectByTreena.Test.FlightFinderTest.FlightFindingTest(FlightFinderTest.java:40)
at sun.reflect.NativeMethodAccessorImpl.invoke0(Native Method)
at sun.reflect.NativeMethodAccessorImpl.invoke(Unknown Source)
at sun.reflect.DelegatingMethodAccessorImpl.invoke(Unknown Source)
at java.lang.reflect.Method.invoke(Unknown Source)
at org.testng.internal.MethodInvocationHelper.invokeMethod(MethodInvocationHelper.java:133)
at org.testng.internal.TestInvoker.invokeMethod(TestInvoker.java:584)
at org.testng.internal.TestInvoker.invokeTestMethod(TestInvoker.java:172)
at org.testng.internal.MethodRunner.runInSequence(MethodRunner.java:46)
at org.testng.internal.TestInvoker$MethodInvocationAgent.invoke(TestInvoker.java:804)
at org.testng.internal.TestInvoker.invokeTestMethods(TestInvoker.java:145)
at org.testng.internal.TestMethodWorker.invokeTestMethods(TestMethodWorker.java:146)
at org.testng.internal.TestMethodWorker.run(TestMethodWorker.java:128)
at java.util.ArrayList.forEach(Unknown Source)
at org.testng.TestRunner.privateRun(TestRunner.java:770)
at org.testng.TestRunner.run(TestRunner.java:591)
at org.testng.SuiteRunner.runTest(SuiteRunner.java:402)
at org.testng.SuiteRunner.runSequentially(SuiteRunner.java:396)
at org.testng.SuiteRunner.privateRun(SuiteRunner.java:355)
at org.testng.SuiteRunner.run(SuiteRunner.java:304)
at org.testng.SuiteRunnerWorker.runSuite(SuiteRunnerWorker.java:53)
at org.testng.SuiteRunnerWorker.run(SuiteRunnerWorker.java:96)
at org.testng.TestNG.runSuitesSequentially(TestNG.java:1180)
at org.testng.TestNG.runSuitesLocally(TestNG.java:1102)
at org.testng.TestNG.runSuites(TestNG.java:1032)
at org.testng.TestNG.run(TestNG.java:1000)
at org.testng.remote.AbstractRemoteTestNG.run(AbstractRemoteTestNG.java:115)
at org.testng.remote.RemoteTestNG.initAndRun(RemoteTestNG.java:251)
at org.testng.remote.RemoteTestNG.main(RemoteTestNG.java:77)
]]>
            </full-stacktrace>
          </exception> <!-- java.lang.IllegalArgumentException -->
          <reporter-output>
          </reporter-output>
        </test-method> <!-- FlightFindingTest -->
      </class> <!-- com.tigerit.TestProjectByTreena.Test.FlightFinderTest -->
    </test> <!-- Login Test -->
  </suite> <!-- AutomationTest -->
</testng-results>
